0 info it worked if it ends with ok
1 verbose cli [ 'C:\\Program Files\\nodejs\\node.exe',
1 verbose cli   'C:\\Program Files\\nodejs\\node_modules\\npm\\bin\\npm-cli.js',
1 verbose cli   'run',
1 verbose cli   'dev' ]
2 info using npm@4.0.5
3 info using node@v7.4.0
4 verbose run-script [ 'predev', 'dev', 'postdev' ]
5 info lifecycle essentialsserver@1.0.0~predev: essentialsserver@1.0.0
6 silly lifecycle essentialsserver@1.0.0~predev: no script for predev, continuing
7 info lifecycle essentialsserver@1.0.0~dev: essentialsserver@1.0.0
8 verbose lifecycle essentialsserver@1.0.0~dev: unsafe-perm in lifecycle true
9 verbose lifecycle essentialsserver@1.0.0~dev: PATH: C:\Program Files\nodejs\node_modules\npm\bin\node-gyp-bin;C:\Users\hchau\front-end-dev-book\essentialsapp\essentialsserver\node_modules\.bin;C:\Users\hchau\AppData\Roaming\npm;C:\Program Files\nodejs\;C:\ProgramData\Oracle\Java\javapath;C:\WINDOWS\system32;C:\WINDOWS;C:\WINDOWS\System32\Wbem;C:\WINDOWS\System32\WindowsPowerShell\v1.0\;C:\Program Files\nodejs\;C:\Program Files\Git\cmd;C:\Users\hchau\AppData\Local\Microsoft\WindowsApps;C:\Users\hchau\AppData\Local\atom\bin;C:\Users\hchau\AppData\Roaming\npm
10 verbose lifecycle essentialsserver@1.0.0~dev: CWD: C:\Users\hchau\front-end-dev-book\essentialsapp\essentialsserver
11 silly lifecycle essentialsserver@1.0.0~dev: Args: [ '/d /s /c', 'nodemon index.js' ]
12 silly lifecycle essentialsserver@1.0.0~dev: Returned: code: 3221225786  signal: null
13 info lifecycle essentialsserver@1.0.0~dev: Failed to exec dev script
14 verbose stack Error: essentialsserver@1.0.0 dev: `nodemon index.js`
14 verbose stack Exit status 3221225786
14 verbose stack     at EventEmitter.<anonymous> (C:\Program Files\nodejs\node_modules\npm\lib\utils\lifecycle.js:279:16)
14 verbose stack     at emitTwo (events.js:106:13)
14 verbose stack     at EventEmitter.emit (events.js:191:7)
14 verbose stack     at ChildProcess.<anonymous> (C:\Program Files\nodejs\node_modules\npm\lib\utils\spawn.js:40:14)
14 verbose stack     at emitTwo (events.js:106:13)
14 verbose stack     at ChildProcess.emit (events.js:191:7)
14 verbose stack     at maybeClose (internal/child_process.js:885:16)
14 verbose stack     at Process.ChildProcess._handle.onexit (internal/child_process.js:226:5)
15 verbose pkgid essentialsserver@1.0.0
16 verbose cwd C:\Users\hchau\front-end-dev-book\essentialsapp\essentialsserver
17 error Windows_NT 10.0.14393
18 error argv "C:\\Program Files\\nodejs\\node.exe" "C:\\Program Files\\nodejs\\node_modules\\npm\\bin\\npm-cli.js" "run" "dev"
19 error node v7.4.0
20 error npm  v4.0.5
21 error code ELIFECYCLE
22 error essentialsserver@1.0.0 dev: `nodemon index.js`
22 error Exit status 3221225786
23 error Failed at the essentialsserver@1.0.0 dev script 'nodemon index.js'.
23 error Make sure you have the latest version of node.js and npm installed.
23 error If you do, this is most likely a problem with the essentialsserver package,
23 error not with npm itself.
23 error Tell the author that this fails on your system:
23 error     nodemon index.js
23 error You can get information on how to open an issue for this project with:
23 error     npm bugs essentialsserver
23 error Or if that isn't available, you can get their info via:
23 error     npm owner ls essentialsserver
23 error There is likely additional logging output above.
24 verbose exit [ 1, true ]
